/bin/bash: /home/jupyter/idle_shutdown.sh: No such file or directory
Unknown parameter passed: --instance=ibar
Unknown parameter passed: --instance=ibar
Instance active. Idle: 0 ms, Net delta: 0
Instance active. Idle: 0 ms, Net delta: 0
Instance active. Idle: 0 ms, Net delta: 0
Instance active. Idle: 0 ms, Net delta: 0
Instance active. Idle: 0 ms, Net delta: 0
Shutting down ibar due to inactivity. Net delta: 0
ERROR: (gcloud.compute.instances.stop) HTTPError 403: Required 'Current principal doesn't have permission to mutate this resource!' permission for 'ibar'. This command is authenticated as 378891832439-compute@developer.gserviceaccount.com which is the active account specified by the [core/account] property
Shutting down ibar due to inactivity. Net delta: 0
ERROR: (gcloud.compute.instances.stop) HTTPError 403: Required 'Current principal doesn't have permission to mutate this resource!' permission for 'ibar'. This command is authenticated as 378891832439-compute@developer.gserviceaccount.com which is the active account specified by the [core/account] property
Shutting down ibar due to inactivity. Net delta: 0
ERROR: (gcloud.compute.instances.stop) HTTPError 403: Required 'Current principal doesn't have permission to mutate this resource!' permission for 'ibar'. This command is authenticated as 378891832439-compute@developer.gserviceaccount.com which is the active account specified by the [core/account] property
Shutting down ibar due to inactivity. Net delta: 0
ERROR: (gcloud.compute.instances.stop) HTTPError 403: Required 'Current principal doesn't have permission to mutate this resource!' permission for 'ibar'. This command is authenticated as 378891832439-compute@developer.gserviceaccount.com which is the active account specified by the [core/account] property
Shutting down ibar due to inactivity. Net delta: 0
ERROR: (gcloud.compute.instances.stop) HTTPError 403: Required 'Current principal doesn't have permission to mutate this resource!' permission for 'ibar'. This command is authenticated as 378891832439-compute@developer.gserviceaccount.com which is the active account specified by the [core/account] property
Shutting down ibar due to inactivity. Net delta: 0
ERROR: (gcloud.compute.instances.stop) HTTPError 403: Required 'Current principal doesn't have permission to mutate this resource!' permission for 'ibar'. This command is authenticated as 378891832439-compute@developer.gserviceaccount.com which is the active account specified by the [core/account] property
Shutting down ibar due to inactivity. Net delta: 0
ERROR: (gcloud.compute.instances.stop) HTTPError 403: Required 'Current principal doesn't have permission to mutate this resource!' permission for 'ibar'. This command is authenticated as 378891832439-compute@developer.gserviceaccount.com which is the active account specified by the [core/account] property
Shutting down ibar due to inactivity. Net delta: 0
ERROR: (gcloud.compute.instances.stop) HTTPError 403: Required 'Current principal doesn't have permission to mutate this resource!' permission for 'ibar'. This command is authenticated as 378891832439-compute@developer.gserviceaccount.com which is the active account specified by the [core/account] property
Shutting down ibar due to inactivity. Net delta: 0
ERROR: (gcloud.compute.instances.stop) HTTPError 403: Required 'Current principal doesn't have permission to mutate this resource!' permission for 'ibar'. This command is authenticated as 378891832439-compute@developer.gserviceaccount.com which is the active account specified by the [core/account] property
Shutting down ibar due to inactivity. Net delta: 0
ERROR: (gcloud.compute.instances.stop) HTTPError 403: Required 'Current principal doesn't have permission to mutate this resource!' permission for 'ibar'. This command is authenticated as 378891832439-compute@developer.gserviceaccount.com which is the active account specified by the [core/account] property
Shutting down ibar due to inactivity. Net delta: 0
ERROR: (gcloud.compute.instances.stop) HTTPError 403: Required 'Current principal doesn't have permission to mutate this resource!' permission for 'ibar'. This command is authenticated as 378891832439-compute@developer.gserviceaccount.com which is the active account specified by the [core/account] property
Shutting down ibar due to inactivity. Net delta: 0
ERROR: (gcloud.compute.instances.stop) HTTPError 403: Required 'Current principal doesn't have permission to mutate this resource!' permission for 'ibar'. This command is authenticated as 378891832439-compute@developer.gserviceaccount.com which is the active account specified by the [core/account] property
Shutting down ibar due to inactivity. Net delta: 0
ERROR: (gcloud.compute.instances.stop) HTTPError 403: Required 'Current principal doesn't have permission to mutate this resource!' permission for 'ibar'. This command is authenticated as 378891832439-compute@developer.gserviceaccount.com which is the active account specified by the [core/account] property
Shutting down ibar due to inactivity. Net delta: 0
ERROR: (gcloud.compute.instances.stop) HTTPError 403: Required 'Current principal doesn't have permission to mutate this resource!' permission for 'ibar'. This command is authenticated as 378891832439-compute@developer.gserviceaccount.com which is the active account specified by the [core/account] property
Shutting down ibar due to inactivity. Net delta: 0
ERROR: (gcloud.compute.instances.stop) HTTPError 403: Required 'Current principal doesn't have permission to mutate this resource!' permission for 'ibar'. This command is authenticated as 378891832439-compute@developer.gserviceaccount.com which is the active account specified by the [core/account] property
Shutting down ibar due to inactivity. Net delta: 0
ERROR: (gcloud.compute.instances.stop) HTTPError 403: Required 'Current principal doesn't have permission to mutate this resource!' permission for 'ibar'. This command is authenticated as 378891832439-compute@developer.gserviceaccount.com which is the active account specified by the [core/account] property
Shutting down ibar due to inactivity. Net delta: 0
ERROR: (gcloud.compute.instances.stop) HTTPError 403: Required 'Current principal doesn't have permission to mutate this resource!' permission for 'ibar'. This command is authenticated as 378891832439-compute@developer.gserviceaccount.com which is the active account specified by the [core/account] property
Shutting down ibar due to inactivity. Net delta: 0
ERROR: (gcloud.compute.instances.stop) HTTPError 403: Required 'Current principal doesn't have permission to mutate this resource!' permission for 'ibar'. This command is authenticated as 378891832439-compute@developer.gserviceaccount.com which is the active account specified by the [core/account] property
Shutting down ibar due to inactivity. Net delta: 0
ERROR: (gcloud.compute.instances.stop) HTTPError 403: Required 'Current principal doesn't have permission to mutate this resource!' permission for 'ibar'. This command is authenticated as 378891832439-compute@developer.gserviceaccount.com which is the active account specified by the [core/account] property
Shutting down ibar due to inactivity. Net delta: 0
ERROR: (gcloud.compute.instances.stop) HTTPError 403: Required 'Current principal doesn't have permission to mutate this resource!' permission for 'ibar'. This command is authenticated as 378891832439-compute@developer.gserviceaccount.com which is the active account specified by the [core/account] property
Shutting down ibar due to inactivity. Net delta: 0
ERROR: (gcloud.compute.instances.stop) HTTPError 403: Required 'Current principal doesn't have permission to mutate this resource!' permission for 'ibar'. This command is authenticated as 378891832439-compute@developer.gserviceaccount.com which is the active account specified by the [core/account] property
Shutting down ibar due to inactivity. Net delta: 0
ERROR: (gcloud.compute.instances.stop) HTTPError 403: Required 'Current principal doesn't have permission to mutate this resource!' permission for 'ibar'. This command is authenticated as 378891832439-compute@developer.gserviceaccount.com which is the active account specified by the [core/account] property
Shutting down ibar due to inactivity. Net delta: 0
ERROR: (gcloud.compute.instances.stop) HTTPError 403: Required 'Current principal doesn't have permission to mutate this resource!' permission for 'ibar'. This command is authenticated as 378891832439-compute@developer.gserviceaccount.com which is the active account specified by the [core/account] property
Shutting down ibar due to inactivity. Net delta: 0
ERROR: (gcloud.compute.instances.stop) HTTPError 403: Required 'Current principal doesn't have permission to mutate this resource!' permission for 'ibar'. This command is authenticated as 378891832439-compute@developer.gserviceaccount.com which is the active account specified by the [core/account] property
Shutting down ibar due to inactivity. Net delta: 0
ERROR: (gcloud.compute.instances.stop) HTTPError 403: Required 'Current principal doesn't have permission to mutate this resource!' permission for 'ibar'. This command is authenticated as 378891832439-compute@developer.gserviceaccount.com which is the active account specified by the [core/account] property
Shutting down ibar due to inactivity. Net delta: 0
ERROR: (gcloud.compute.instances.stop) HTTPError 403: Required 'Current principal doesn't have permission to mutate this resource!' permission for 'ibar'. This command is authenticated as 378891832439-compute@developer.gserviceaccount.com which is the active account specified by the [core/account] property
Shutting down ibar due to inactivity. Net delta: 0
ERROR: (gcloud.compute.instances.stop) HTTPError 403: Required 'Current principal doesn't have permission to mutate this resource!' permission for 'ibar'. This command is authenticated as 378891832439-compute@developer.gserviceaccount.com which is the active account specified by the [core/account] property
Shutting down ibar due to inactivity. Net delta: 0
ERROR: (gcloud.compute.instances.stop) HTTPError 403: Required 'Current principal doesn't have permission to mutate this resource!' permission for 'ibar'. This command is authenticated as 378891832439-compute@developer.gserviceaccount.com which is the active account specified by the [core/account] property
Shutting down ibar due to inactivity. Net delta: 0
ERROR: (gcloud.compute.instances.stop) HTTPError 403: Required 'Current principal doesn't have permission to mutate this resource!' permission for 'ibar'. This command is authenticated as 378891832439-compute@developer.gserviceaccount.com which is the active account specified by the [core/account] property
Shutting down ibar due to inactivity. Net delta: 0
ERROR: (gcloud.compute.instances.stop) HTTPError 403: Required 'Current principal doesn't have permission to mutate this resource!' permission for 'ibar'. This command is authenticated as 378891832439-compute@developer.gserviceaccount.com which is the active account specified by the [core/account] property
Shutting down ibar due to inactivity. Net delta: 0
ERROR: (gcloud.compute.instances.stop) HTTPError 403: Required 'Current principal doesn't have permission to mutate this resource!' permission for 'ibar'. This command is authenticated as 378891832439-compute@developer.gserviceaccount.com which is the active account specified by the [core/account] property
Shutting down ibar due to inactivity. Net delta: 0
ERROR: (gcloud.compute.instances.stop) HTTPError 403: Required 'Current principal doesn't have permission to mutate this resource!' permission for 'ibar'. This command is authenticated as 378891832439-compute@developer.gserviceaccount.com which is the active account specified by the [core/account] property
Shutting down ibar due to inactivity. Net delta: 0
ERROR: (gcloud.compute.instances.stop) HTTPError 403: Required 'Current principal doesn't have permission to mutate this resource!' permission for 'ibar'. This command is authenticated as 378891832439-compute@developer.gserviceaccount.com which is the active account specified by the [core/account] property
Shutting down ibar due to inactivity. Net delta: 0
ERROR: (gcloud.compute.instances.stop) HTTPError 403: Required 'Current principal doesn't have permission to mutate this resource!' permission for 'ibar'. This command is authenticated as 378891832439-compute@developer.gserviceaccount.com which is the active account specified by the [core/account] property
Shutting down ibar due to inactivity. Net delta: 0
ERROR: (gcloud.compute.instances.stop) HTTPError 403: Required 'Current principal doesn't have permission to mutate this resource!' permission for 'ibar'. This command is authenticated as 378891832439-compute@developer.gserviceaccount.com which is the active account specified by the [core/account] property
Shutting down ibar due to inactivity. Net delta: 0
ERROR: (gcloud.compute.instances.stop) HTTPError 403: Required 'Current principal doesn't have permission to mutate this resource!' permission for 'ibar'. This command is authenticated as 378891832439-compute@developer.gserviceaccount.com which is the active account specified by the [core/account] property
Shutting down ibar due to inactivity. Net delta: 0
ERROR: (gcloud.compute.instances.stop) HTTPError 403: Required 'Current principal doesn't have permission to mutate this resource!' permission for 'ibar'. This command is authenticated as 378891832439-compute@developer.gserviceaccount.com which is the active account specified by the [core/account] property
Shutting down ibar due to inactivity. Net delta: 0
ERROR: (gcloud.compute.instances.stop) HTTPError 403: Required 'Current principal doesn't have permission to mutate this resource!' permission for 'ibar'. This command is authenticated as 378891832439-compute@developer.gserviceaccount.com which is the active account specified by the [core/account] property
Shutting down ibar due to inactivity. Net delta: 0
ERROR: (gcloud.compute.instances.stop) HTTPError 403: Required 'Current principal doesn't have permission to mutate this resource!' permission for 'ibar'. This command is authenticated as 378891832439-compute@developer.gserviceaccount.com which is the active account specified by the [core/account] property
Shutting down ibar due to inactivity. Net delta: 0
ERROR: (gcloud.compute.instances.stop) HTTPError 403: Required 'Current principal doesn't have permission to mutate this resource!' permission for 'ibar'. This command is authenticated as 378891832439-compute@developer.gserviceaccount.com which is the active account specified by the [core/account] property
Shutting down ibar due to inactivity. Net delta: 0
ERROR: (gcloud.compute.instances.stop) HTTPError 403: Required 'Current principal doesn't have permission to mutate this resource!' permission for 'ibar'. This command is authenticated as 378891832439-compute@developer.gserviceaccount.com which is the active account specified by the [core/account] property
Shutting down ibar due to inactivity. Net delta: 0
ERROR: (gcloud.compute.instances.stop) HTTPError 403: Required 'Current principal doesn't have permission to mutate this resource!' permission for 'ibar'. This command is authenticated as 378891832439-compute@developer.gserviceaccount.com which is the active account specified by the [core/account] property
Shutting down ibar due to inactivity. Net delta: 0
ERROR: (gcloud.compute.instances.stop) HTTPError 403: Required 'Current principal doesn't have permission to mutate this resource!' permission for 'ibar'. This command is authenticated as 378891832439-compute@developer.gserviceaccount.com which is the active account specified by the [core/account] property
Shutting down ibar due to inactivity. Net delta: 0
ERROR: (gcloud.compute.instances.stop) HTTPError 403: Required 'Current principal doesn't have permission to mutate this resource!' permission for 'ibar'. This command is authenticated as 378891832439-compute@developer.gserviceaccount.com which is the active account specified by the [core/account] property
Shutting down ibar due to inactivity. Net delta: 0
ERROR: (gcloud.compute.instances.stop) HTTPError 403: Required 'Current principal doesn't have permission to mutate this resource!' permission for 'ibar'. This command is authenticated as 378891832439-compute@developer.gserviceaccount.com which is the active account specified by the [core/account] property
Shutting down ibar due to inactivity. Net delta: 0
ERROR: (gcloud.compute.instances.stop) HTTPError 403: Required 'Current principal doesn't have permission to mutate this resource!' permission for 'ibar'. This command is authenticated as 378891832439-compute@developer.gserviceaccount.com which is the active account specified by the [core/account] property
Shutting down ibar due to inactivity. Net delta: 0
ERROR: (gcloud.compute.instances.stop) HTTPError 403: Required 'Current principal doesn't have permission to mutate this resource!' permission for 'ibar'. This command is authenticated as 378891832439-compute@developer.gserviceaccount.com which is the active account specified by the [core/account] property
Shutting down ibar due to inactivity. Net delta: 0
ERROR: (gcloud.compute.instances.stop) HTTPError 403: Required 'Current principal doesn't have permission to mutate this resource!' permission for 'ibar'. This command is authenticated as 378891832439-compute@developer.gserviceaccount.com which is the active account specified by the [core/account] property
Shutting down ibar due to inactivity. Net delta: 0
ERROR: (gcloud.compute.instances.stop) HTTPError 403: Required 'Current principal doesn't have permission to mutate this resource!' permission for 'ibar'. This command is authenticated as 378891832439-compute@developer.gserviceaccount.com which is the active account specified by the [core/account] property
Shutting down ibar due to inactivity. Net delta: 0
ERROR: (gcloud.compute.instances.stop) HTTPError 403: Required 'Current principal doesn't have permission to mutate this resource!' permission for 'ibar'. This command is authenticated as 378891832439-compute@developer.gserviceaccount.com which is the active account specified by the [core/account] property
Shutting down ibar due to inactivity. Net delta: 0
ERROR: (gcloud.compute.instances.stop) HTTPError 403: Required 'Current principal doesn't have permission to mutate this resource!' permission for 'ibar'. This command is authenticated as 378891832439-compute@developer.gserviceaccount.com which is the active account specified by the [core/account] property
Shutting down ibar due to inactivity. Net delta: 0
ERROR: (gcloud.compute.instances.stop) HTTPError 403: Required 'Current principal doesn't have permission to mutate this resource!' permission for 'ibar'. This command is authenticated as 378891832439-compute@developer.gserviceaccount.com which is the active account specified by the [core/account] property
Shutting down ibar due to inactivity. Net delta: 0
ERROR: (gcloud.compute.instances.stop) HTTPError 403: Required 'Current principal doesn't have permission to mutate this resource!' permission for 'ibar'. This command is authenticated as 378891832439-compute@developer.gserviceaccount.com which is the active account specified by the [core/account] property
Shutting down ibar due to inactivity. Net delta: 0
ERROR: (gcloud.compute.instances.stop) HTTPError 403: Required 'Current principal doesn't have permission to mutate this resource!' permission for 'ibar'. This command is authenticated as 378891832439-compute@developer.gserviceaccount.com which is the active account specified by the [core/account] property
Shutting down ibar due to inactivity. Net delta: 0
ERROR: (gcloud.compute.instances.stop) HTTPError 403: Required 'Current principal doesn't have permission to mutate this resource!' permission for 'ibar'. This command is authenticated as 378891832439-compute@developer.gserviceaccount.com which is the active account specified by the [core/account] property
Shutting down ibar due to inactivity. Net delta: 0
ERROR: (gcloud.compute.instances.stop) HTTPError 403: Required 'Current principal doesn't have permission to mutate this resource!' permission for 'ibar'. This command is authenticated as 378891832439-compute@developer.gserviceaccount.com which is the active account specified by the [core/account] property
Shutting down ibar due to inactivity. Net delta: 0
ERROR: (gcloud.compute.instances.stop) HTTPError 403: Required 'Current principal doesn't have permission to mutate this resource!' permission for 'ibar'. This command is authenticated as 378891832439-compute@developer.gserviceaccount.com which is the active account specified by the [core/account] property
Shutting down ibar due to inactivity. Net delta: 0
ERROR: (gcloud.compute.instances.stop) HTTPError 403: Required 'Current principal doesn't have permission to mutate this resource!' permission for 'ibar'. This command is authenticated as 378891832439-compute@developer.gserviceaccount.com which is the active account specified by the [core/account] property
Shutting down ibar due to inactivity. Net delta: 0
ERROR: (gcloud.compute.instances.stop) HTTPError 403: Required 'Current principal doesn't have permission to mutate this resource!' permission for 'ibar'. This command is authenticated as 378891832439-compute@developer.gserviceaccount.com which is the active account specified by the [core/account] property
Shutting down ibar due to inactivity. Net delta: 0
ERROR: (gcloud.compute.instances.stop) HTTPError 403: Required 'Current principal doesn't have permission to mutate this resource!' permission for 'ibar'. This command is authenticated as 378891832439-compute@developer.gserviceaccount.com which is the active account specified by the [core/account] property
Shutting down ibar due to inactivity. Net delta: 0
ERROR: (gcloud.compute.instances.stop) HTTPError 403: Required 'Current principal doesn't have permission to mutate this resource!' permission for 'ibar'. This command is authenticated as 378891832439-compute@developer.gserviceaccount.com which is the active account specified by the [core/account] property
Shutting down ibar due to inactivity. Net delta: 0
ERROR: (gcloud.compute.instances.stop) HTTPError 403: Required 'Current principal doesn't have permission to mutate this resource!' permission for 'ibar'. This command is authenticated as 378891832439-compute@developer.gserviceaccount.com which is the active account specified by the [core/account] property
Shutting down ibar due to inactivity. Net delta: 0
ERROR: (gcloud.compute.instances.stop) HTTPError 403: Required 'Current principal doesn't have permission to mutate this resource!' permission for 'ibar'. This command is authenticated as 378891832439-compute@developer.gserviceaccount.com which is the active account specified by the [core/account] property
Shutting down ibar due to inactivity. Net delta: 0
ERROR: (gcloud.compute.instances.stop) HTTPError 403: Required 'Current principal doesn't have permission to mutate this resource!' permission for 'ibar'. This command is authenticated as 378891832439-compute@developer.gserviceaccount.com which is the active account specified by the [core/account] property
Shutting down ibar due to inactivity. Net delta: 0
ERROR: (gcloud.compute.instances.stop) HTTPError 403: Required 'Current principal doesn't have permission to mutate this resource!' permission for 'ibar'. This command is authenticated as 378891832439-compute@developer.gserviceaccount.com which is the active account specified by the [core/account] property
Shutting down ibar due to inactivity. Net delta: 0
ERROR: (gcloud.compute.instances.stop) HTTPError 403: Required 'Current principal doesn't have permission to mutate this resource!' permission for 'ibar'. This command is authenticated as 378891832439-compute@developer.gserviceaccount.com which is the active account specified by the [core/account] property
Shutting down ibar due to inactivity. Net delta: 0
ERROR: (gcloud.compute.instances.stop) HTTPError 403: Required 'Current principal doesn't have permission to mutate this resource!' permission for 'ibar'. This command is authenticated as 378891832439-compute@developer.gserviceaccount.com which is the active account specified by the [core/account] property
Shutting down ibar due to inactivity. Net delta: 0
ERROR: (gcloud.compute.instances.stop) HTTPError 403: Required 'Current principal doesn't have permission to mutate this resource!' permission for 'ibar'. This command is authenticated as 378891832439-compute@developer.gserviceaccount.com which is the active account specified by the [core/account] property
Shutting down ibar due to inactivity. Net delta: 0
ERROR: (gcloud.compute.instances.stop) HTTPError 403: Required 'Current principal doesn't have permission to mutate this resource!' permission for 'ibar'. This command is authenticated as 378891832439-compute@developer.gserviceaccount.com which is the active account specified by the [core/account] property
Shutting down ibar due to inactivity. Net delta: 0
ERROR: (gcloud.compute.instances.stop) HTTPError 403: Required 'Current principal doesn't have permission to mutate this resource!' permission for 'ibar'. This command is authenticated as 378891832439-compute@developer.gserviceaccount.com which is the active account specified by the [core/account] property
Shutting down ibar due to inactivity. Net delta: 0
ERROR: (gcloud.compute.instances.stop) HTTPError 403: Required 'Current principal doesn't have permission to mutate this resource!' permission for 'ibar'. This command is authenticated as 378891832439-compute@developer.gserviceaccount.com which is the active account specified by the [core/account] property
Shutting down ibar due to inactivity. Net delta: 0
ERROR: (gcloud.compute.instances.stop) HTTPError 403: Required 'Current principal doesn't have permission to mutate this resource!' permission for 'ibar'. This command is authenticated as 378891832439-compute@developer.gserviceaccount.com which is the active account specified by the [core/account] property
Shutting down ibar due to inactivity. Net delta: 0
ERROR: (gcloud.compute.instances.stop) HTTPError 403: Required 'Current principal doesn't have permission to mutate this resource!' permission for 'ibar'. This command is authenticated as 378891832439-compute@developer.gserviceaccount.com which is the active account specified by the [core/account] property
Shutting down ibar due to inactivity. Net delta: 0
ERROR: (gcloud.compute.instances.stop) HTTPError 403: Required 'Current principal doesn't have permission to mutate this resource!' permission for 'ibar'. This command is authenticated as 378891832439-compute@developer.gserviceaccount.com which is the active account specified by the [core/account] property
Shutting down ibar due to inactivity. Net delta: 0
ERROR: (gcloud.compute.instances.stop) HTTPError 403: Required 'Current principal doesn't have permission to mutate this resource!' permission for 'ibar'. This command is authenticated as 378891832439-compute@developer.gserviceaccount.com which is the active account specified by the [core/account] property
Shutting down ibar due to inactivity. Net delta: 0
ERROR: (gcloud.compute.instances.stop) HTTPError 403: Required 'Current principal doesn't have permission to mutate this resource!' permission for 'ibar'. This command is authenticated as 378891832439-compute@developer.gserviceaccount.com which is the active account specified by the [core/account] property
Shutting down ibar due to inactivity. Net delta: 0
ERROR: (gcloud.compute.instances.stop) HTTPError 403: Required 'Current principal doesn't have permission to mutate this resource!' permission for 'ibar'. This command is authenticated as 378891832439-compute@developer.gserviceaccount.com which is the active account specified by the [core/account] property
Shutting down ibar due to inactivity. Net delta: 0
ERROR: (gcloud.compute.instances.stop) HTTPError 403: Required 'Current principal doesn't have permission to mutate this resource!' permission for 'ibar'. This command is authenticated as 378891832439-compute@developer.gserviceaccount.com which is the active account specified by the [core/account] property
Shutting down ibar due to inactivity. Net delta: 0
ERROR: (gcloud.compute.instances.stop) HTTPError 403: Required 'Current principal doesn't have permission to mutate this resource!' permission for 'ibar'. This command is authenticated as 378891832439-compute@developer.gserviceaccount.com which is the active account specified by the [core/account] property
Shutting down ibar due to inactivity. Net delta: 0
ERROR: (gcloud.compute.instances.stop) HTTPError 403: Required 'Current principal doesn't have permission to mutate this resource!' permission for 'ibar'. This command is authenticated as 378891832439-compute@developer.gserviceaccount.com which is the active account specified by the [core/account] property
Shutting down ibar due to inactivity. Net delta: 0
ERROR: (gcloud.compute.instances.stop) HTTPError 403: Required 'Current principal doesn't have permission to mutate this resource!' permission for 'ibar'. This command is authenticated as 378891832439-compute@developer.gserviceaccount.com which is the active account specified by the [core/account] property
Shutting down ibar due to inactivity. Net delta: 0
ERROR: (gcloud.compute.instances.stop) HTTPError 403: Required 'Current principal doesn't have permission to mutate this resource!' permission for 'ibar'. This command is authenticated as 378891832439-compute@developer.gserviceaccount.com which is the active account specified by the [core/account] property
Shutting down ibar due to inactivity. Net delta: 0
ERROR: (gcloud.compute.instances.stop) HTTPError 403: Required 'Current principal doesn't have permission to mutate this resource!' permission for 'ibar'. This command is authenticated as 378891832439-compute@developer.gserviceaccount.com which is the active account specified by the [core/account] property
Shutting down ibar due to inactivity. Net delta: 0
ERROR: (gcloud.compute.instances.stop) HTTPError 403: Required 'Current principal doesn't have permission to mutate this resource!' permission for 'ibar'. This command is authenticated as 378891832439-compute@developer.gserviceaccount.com which is the active account specified by the [core/account] property
Shutting down ibar due to inactivity. Net delta: 0
ERROR: (gcloud.compute.instances.stop) HTTPError 403: Required 'Current principal doesn't have permission to mutate this resource!' permission for 'ibar'. This command is authenticated as 378891832439-compute@developer.gserviceaccount.com which is the active account specified by the [core/account] property
Shutting down ibar due to inactivity. Net delta: 0
ERROR: (gcloud.compute.instances.stop) HTTPError 403: Required 'Current principal doesn't have permission to mutate this resource!' permission for 'ibar'. This command is authenticated as 378891832439-compute@developer.gserviceaccount.com which is the active account specified by the [core/account] property
Shutting down ibar due to inactivity. Net delta: 0
ERROR: (gcloud.compute.instances.stop) HTTPError 403: Required 'Current principal doesn't have permission to mutate this resource!' permission for 'ibar'. This command is authenticated as 378891832439-compute@developer.gserviceaccount.com which is the active account specified by the [core/account] property
Shutting down ibar due to inactivity. Net delta: 0
ERROR: (gcloud.compute.instances.stop) HTTPError 403: Required 'Current principal doesn't have permission to mutate this resource!' permission for 'ibar'. This command is authenticated as 378891832439-compute@developer.gserviceaccount.com which is the active account specified by the [core/account] property
Shutting down ibar due to inactivity. Net delta: 0
ERROR: (gcloud.compute.instances.stop) HTTPError 403: Required 'Current principal doesn't have permission to mutate this resource!' permission for 'ibar'. This command is authenticated as 378891832439-compute@developer.gserviceaccount.com which is the active account specified by the [core/account] property
Shutting down ibar due to inactivity. Net delta: 0
ERROR: (gcloud.compute.instances.stop) HTTPError 403: Required 'Current principal doesn't have permission to mutate this resource!' permission for 'ibar'. This command is authenticated as 378891832439-compute@developer.gserviceaccount.com which is the active account specified by the [core/account] property
Shutting down ibar due to inactivity. Net delta: 0
ERROR: (gcloud.compute.instances.stop) HTTPError 403: Required 'Current principal doesn't have permission to mutate this resource!' permission for 'ibar'. This command is authenticated as 378891832439-compute@developer.gserviceaccount.com which is the active account specified by the [core/account] property
Shutting down ibar due to inactivity. Net delta: 0
ERROR: (gcloud.compute.instances.stop) HTTPError 403: Required 'Current principal doesn't have permission to mutate this resource!' permission for 'ibar'. This command is authenticated as 378891832439-compute@developer.gserviceaccount.com which is the active account specified by the [core/account] property
Shutting down ibar due to inactivity. Net delta: 0
ERROR: (gcloud.compute.instances.stop) HTTPError 403: Required 'Current principal doesn't have permission to mutate this resource!' permission for 'ibar'. This command is authenticated as 378891832439-compute@developer.gserviceaccount.com which is the active account specified by the [core/account] property
Shutting down ibar due to inactivity. Net delta: 0
ERROR: (gcloud.compute.instances.stop) HTTPError 403: Required 'Current principal doesn't have permission to mutate this resource!' permission for 'ibar'. This command is authenticated as 378891832439-compute@developer.gserviceaccount.com which is the active account specified by the [core/account] property
Shutting down ibar due to inactivity. Net delta: 0
ERROR: (gcloud.compute.instances.stop) HTTPError 403: Required 'Current principal doesn't have permission to mutate this resource!' permission for 'ibar'. This command is authenticated as 378891832439-compute@developer.gserviceaccount.com which is the active account specified by the [core/account] property
Shutting down ibar due to inactivity. Net delta: 0
ERROR: (gcloud.compute.instances.stop) HTTPError 403: Required 'Current principal doesn't have permission to mutate this resource!' permission for 'ibar'. This command is authenticated as 378891832439-compute@developer.gserviceaccount.com which is the active account specified by the [core/account] property
Shutting down ibar due to inactivity. Net delta: 0
ERROR: (gcloud.compute.instances.stop) HTTPError 403: Required 'Current principal doesn't have permission to mutate this resource!' permission for 'ibar'. This command is authenticated as 378891832439-compute@developer.gserviceaccount.com which is the active account specified by the [core/account] property
Shutting down ibar due to inactivity. Net delta: 0
ERROR: (gcloud.compute.instances.stop) HTTPError 403: Required 'Current principal doesn't have permission to mutate this resource!' permission for 'ibar'. This command is authenticated as 378891832439-compute@developer.gserviceaccount.com which is the active account specified by the [core/account] property
Shutting down ibar due to inactivity. Net delta: 0
ERROR: (gcloud.compute.instances.stop) HTTPError 403: Required 'Current principal doesn't have permission to mutate this resource!' permission for 'ibar'. This command is authenticated as 378891832439-compute@developer.gserviceaccount.com which is the active account specified by the [core/account] property
Shutting down ibar due to inactivity. Net delta: 0
ERROR: (gcloud.compute.instances.stop) HTTPError 403: Required 'Current principal doesn't have permission to mutate this resource!' permission for 'ibar'. This command is authenticated as 378891832439-compute@developer.gserviceaccount.com which is the active account specified by the [core/account] property
Shutting down ibar due to inactivity. Net delta: 0
ERROR: (gcloud.compute.instances.stop) HTTPError 403: Required 'Current principal doesn't have permission to mutate this resource!' permission for 'ibar'. This command is authenticated as 378891832439-compute@developer.gserviceaccount.com which is the active account specified by the [core/account] property
Shutting down ibar due to inactivity. Net delta: 0
ERROR: (gcloud.compute.instances.stop) HTTPError 403: Required 'Current principal doesn't have permission to mutate this resource!' permission for 'ibar'. This command is authenticated as 378891832439-compute@developer.gserviceaccount.com which is the active account specified by the [core/account] property
Shutting down ibar due to inactivity. Net delta: 0
ERROR: (gcloud.compute.instances.stop) HTTPError 403: Required 'Current principal doesn't have permission to mutate this resource!' permission for 'ibar'. This command is authenticated as 378891832439-compute@developer.gserviceaccount.com which is the active account specified by the [core/account] property
Shutting down ibar due to inactivity. Net delta: 0
ERROR: (gcloud.compute.instances.stop) HTTPError 403: Required 'Current principal doesn't have permission to mutate this resource!' permission for 'ibar'. This command is authenticated as 378891832439-compute@developer.gserviceaccount.com which is the active account specified by the [core/account] property
Shutting down ibar due to inactivity. Net delta: 0
ERROR: (gcloud.compute.instances.stop) HTTPError 403: Required 'Current principal doesn't have permission to mutate this resource!' permission for 'ibar'. This command is authenticated as 378891832439-compute@developer.gserviceaccount.com which is the active account specified by the [core/account] property
Shutting down ibar due to inactivity. Net delta: 0
ERROR: (gcloud.compute.instances.stop) HTTPError 403: Required 'Current principal doesn't have permission to mutate this resource!' permission for 'ibar'. This command is authenticated as 378891832439-compute@developer.gserviceaccount.com which is the active account specified by the [core/account] property
Shutting down ibar due to inactivity. Net delta: 0
ERROR: (gcloud.compute.instances.stop) HTTPError 403: Required 'Current principal doesn't have permission to mutate this resource!' permission for 'ibar'. This command is authenticated as 378891832439-compute@developer.gserviceaccount.com which is the active account specified by the [core/account] property
Shutting down ibar due to inactivity. Net delta: 0
ERROR: (gcloud.compute.instances.stop) HTTPError 403: Required 'Current principal doesn't have permission to mutate this resource!' permission for 'ibar'. This command is authenticated as 378891832439-compute@developer.gserviceaccount.com which is the active account specified by the [core/account] property
Shutting down ibar due to inactivity. Net delta: 0
ERROR: (gcloud.compute.instances.stop) HTTPError 403: Required 'Current principal doesn't have permission to mutate this resource!' permission for 'ibar'. This command is authenticated as 378891832439-compute@developer.gserviceaccount.com which is the active account specified by the [core/account] property
Shutting down ibar due to inactivity. Net delta: 0
